<?xml version="1.0" encoding="UTF-8" ?>
<testsuites disabled="0" errors="0" failures="1" tests="3" time="12.227">
 <testsuite name="ChamberSign - Integ" timestamp="2020-02-07T11:53:30" hostname="localhost" time="12.227" errors="0" tests="3" skipped="0" disabled="0" failures="1">
  <testcase classname="ChamberSign - Integ" name="Login" time="3.123" />
  <testcase classname="ChamberSign - Integ" name="Organisation" time="3.777" />
  <testcase classname="ChamberSign - Integ" name="Certificat" time="5.32">
   <failure type="exception" message="Failed: no such window: target window already closed
from unknown error: web view not found
  (Session info: chrome=79.0.3945.130)
  (Driver info: chromedriver=79.0.3945.16 (93fcc21110c10dbbd49bbff8f472335360e31d05-refs/branch-heads/3945@{#262}),platform=Windows NT 10.0.18362 x86_64)"><![CDATA[NoSuchWindowError: no such window: target window already closed
from unknown error: web view not found
  (Session info: chrome=79.0.3945.130)
  (Driver info: chromedriver=79.0.3945.16 (93fcc21110c10dbbd49bbff8f472335360e31d05-refs/branch-heads/3945@{#262}),platform=Windows NT 10.0.18362 x86_64)
    at Object.checkLegacyResponse (C:\Users\llaib\AppData\Roaming\npm\node_modules\protractor\node_modules\selenium-webdriver\lib\error.js:546:15)
    at parseHttpResponse (C:\Users\llaib\AppData\Roaming\npm\node_modules\protractor\node_modules\selenium-webdriver\lib\http.js:509:13)
    at C:\Users\llaib\AppData\Roaming\npm\node_modules\protractor\node_modules\selenium-webdriver\lib\http.js:441:30
    at processTicksAndRejections (internal/process/task_queues.js:97:5)
From: Task: Protractor.waitForAngular() - Locator: By(xpath, //span[@class="ng-star-inserted"])
    at Driver.schedule (C:\Users\llaib\AppData\Roaming\npm\node_modules\protractor\node_modules\selenium-webdriver\lib\webdriver.js:807:17)
    at ProtractorBrowser.executeAsyncScript_ (C:\Users\llaib\AppData\Roaming\npm\node_modules\protractor\built\browser.js:425:28)
    at C:\Users\llaib\AppData\Roaming\npm\node_modules\protractor\built\browser.js:456:33
    at ManagedPromise.invokeCallback_ (C:\Users\llaib\AppData\Roaming\npm\node_modules\protractor\node_modules\selenium-webdriver\lib\promise.js:1376:14)
    at TaskQueue.execute_ (C:\Users\llaib\AppData\Roaming\npm\node_modules\protractor\node_modules\selenium-webdriver\lib\promise.js:3084:14)
    at TaskQueue.executeNext_ (C:\Users\llaib\AppData\Roaming\npm\node_modules\protractor\node_modules\selenium-webdriver\lib\promise.js:3067:27)
    at C:\Users\llaib\AppData\Roaming\npm\node_modules\protractor\node_modules\selenium-webdriver\lib\promise.js:2927:27
    at C:\Users\llaib\AppData\Roaming\npm\node_modules\protractor\node_modules\selenium-webdriver\lib\promise.js:668:7
From: Task: <anonymous>
    at Timeout.pollCondition [as _onTimeout] (C:\Users\llaib\AppData\Roaming\npm\node_modules\protractor\node_modules\selenium-webdriver\lib\promise.js:2195:19)
    at listOnTimeout (internal/timers.js:537:17)
    at processTimers (internal/timers.js:481:7)
From: Task: <anonymous wait>
    at scheduleWait (C:\Users\llaib\AppData\Roaming\npm\node_modules\protractor\node_modules\selenium-webdriver\lib\promise.js:2188:20)
    at ControlFlow.wait (C:\Users\llaib\AppData\Roaming\npm\node_modules\protractor\node_modules\selenium-webdriver\lib\promise.js:2517:12)
    at Driver.wait (C:\Users\llaib\AppData\Roaming\npm\node_modules\protractor\node_modules\selenium-webdriver\lib\webdriver.js:934:29)
    at run (C:\Users\llaib\AppData\Roaming\npm\node_modules\protractor\built\browser.js:59:33)
    at ProtractorBrowser.to.<computed> [as wait] (C:\Users\llaib\AppData\Roaming\npm\node_modules\protractor\built\browser.js:67:16)
    at UserContext.<anonymous> (C:\Users\llaib\Desktop\Projects\ProtractorDemo\tests\CS_login.js:38:17)
    at C:\Users\llaib\AppData\Roaming\npm\node_modules\protractor\node_modules\jasminewd2\index.js:112:25
    at new ManagedPromise (C:\Users\llaib\AppData\Roaming\npm\node_modules\protractor\node_modules\selenium-webdriver\lib\promise.js:1077:7)
    at ControlFlow.promise (C:\Users\llaib\AppData\Roaming\npm\node_modules\protractor\node_modules\selenium-webdriver\lib\promise.js:2505:12)
    at schedulerExecute (C:\Users\llaib\AppData\Roaming\npm\node_modules\protractor\node_modules\jasminewd2\index.js:95:18)
From: Task: Run it("Certificat") in control flow
    at UserContext.<anonymous> (C:\Users\llaib\AppData\Roaming\npm\node_modules\protractor\node_modules\jasminewd2\index.js:94:19)
    at attempt (C:\Users\llaib\AppData\Roaming\npm\node_modules\protractor\node_modules\jasmine-core\lib\jasmine-core\jasmine.js:4297:26)
    at QueueRunner.run (C:\Users\llaib\AppData\Roaming\npm\node_modules\protractor\node_modules\jasmine-core\lib\jasmine-core\jasmine.js:4217:20)
    at QueueRunner.execute (C:\Users\llaib\AppData\Roaming\npm\node_modules\protractor\node_modules\jasmine-core\lib\jasmine-core\jasmine.js:4199:10)
    at Spec.queueRunnerFactory (C:\Users\llaib\AppData\Roaming\npm\node_modules\protractor\node_modules\jasmine-core\lib\jasmine-core\jasmine.js:909:35)
    at Spec.execute (C:\Users\llaib\AppData\Roaming\npm\node_modules\protractor\node_modules\jasmine-core\lib\jasmine-core\jasmine.js:526:10)
    at UserContext.fn (C:\Users\llaib\AppData\Roaming\npm\node_modules\protractor\node_modules\jasmine-core\lib\jasmine-core\jasmine.js:5340:37)
    at attempt (C:\Users\llaib\AppData\Roaming\npm\node_modules\protractor\node_modules\jasmine-core\lib\jasmine-core\jasmine.js:4297:26)
    at QueueRunner.run (C:\Users\llaib\AppData\Roaming\npm\node_modules\protractor\node_modules\jasmine-core\lib\jasmine-core\jasmine.js:4217:20)
    at runNext (C:\Users\llaib\AppData\Roaming\npm\node_modules\protractor\node_modules\jasmine-core\lib\jasmine-core\jasmine.js:4257:20)
From asynchronous test: 
Error
    at Suite.<anonymous> (C:\Users\llaib\Desktop\Projects\ProtractorDemo\tests\CS_login.js:35:5)
    at addSpecsToSuite (C:\Users\llaib\AppData\Roaming\npm\node_modules\protractor\node_modules\jasmine-core\lib\jasmine-core\jasmine.js:1107:25)
    at Env.describe (C:\Users\llaib\AppData\Roaming\npm\node_modules\protractor\node_modules\jasmine-core\lib\jasmine-core\jasmine.js:1074:7)
    at describe (C:\Users\llaib\AppData\Roaming\npm\node_modules\protractor\node_modules\jasmine-core\lib\jasmine-core\jasmine.js:4399:18)
    at Object.<anonymous> (C:\Users\llaib\Desktop\Projects\ProtractorDemo\tests\CS_login.js:5:1)
    at Module._compile (internal/modules/cjs/loader.js:1139:30)
    at Object.Module._extensions..js (internal/modules/cjs/loader.js:1159:10)
    at Module.load (internal/modules/cjs/loader.js:988:32)
    at Function.Module._load (internal/modules/cjs/loader.js:896:14)]]>
   </failure>
  </testcase>
 </testsuite>
</testsuites>